SF:/Users/matan/Developer/lodim/lib/src/rect.dart
DA:34,9
DA:42,2
DA:47,6
DA:55,1
DA:58,5
DA:84,1
DA:85,3
DA:86,3
DA:87,3
DA:88,3
DA:89,1
DA:104,4
DA:122,4
DA:125,4
DA:128,4
DA:131,4
DA:134,4
DA:137,4
DA:142,5
DA:145,2
DA:148,4
DA:151,4
DA:154,4
DA:203,1
DA:204,1
DA:205,1
DA:209,9
DA:210,4
DA:211,1
DA:215,1
DA:217,4
DA:218,4
DA:219,6
DA:237,2
DA:249,1
DA:250,3
DA:251,5
DA:265,1
DA:266,3
DA:267,5
DA:281,1
DA:282,3
DA:283,4
DA:284,4
DA:285,1
DA:303,1
DA:304,3
DA:305,3
DA:306,3
DA:307,3
DA:324,1
DA:325,3
DA:326,3
DA:327,3
DA:328,3
DA:345,1
DA:346,3
DA:347,3
DA:348,3
DA:349,3
DA:364,1
DA:365,9
DA:380,1
DA:381,3
DA:382,3
DA:383,3
DA:384,3
DA:385,1
DA:397,1
DA:398,1
DA:399,2
DA:400,2
DA:401,2
DA:402,2
DA:415,3
DA:417,2
DA:419,2
DA:420,6
DA:421,6
DA:422,6
DA:423,6
DA:426,1
DA:427,5
DA:429,1
DA:430,5
DA:434,1
DA:438,1
DA:439,2
DA:443,1
DA:447,1
DA:448,1
DA:452,1
DA:454,1
DA:455,2
DA:458,6
DA:459,1
DA:462,2
DA:463,6
DA:464,7
DA:467,1
DA:470,2
DA:471,6
DA:472,7
DA:475,1
DA:478,2
DA:479,5
DA:480,7
DA:483,1
DA:486,2
DA:487,6
DA:488,7
LF:111
LH:111
end_of_record
SF:/Users/matan/Developer/lodim/lib/src/pos.dart
DA:29,20
DA:45,1
DA:46,3
DA:62,1
DA:63,3
DA:89,1
DA:90,4
DA:105,1
DA:106,6
DA:121,1
DA:122,6
DA:139,1
DA:143,4
DA:170,1
DA:172,1
DA:188,1
DA:193,1
DA:219,1
DA:220,1
DA:223,4
DA:224,10
DA:228,4
DA:229,4
DA:230,1
DA:231,1
DA:232,7
DA:291,1
DA:292,1
DA:293,1
DA:294,8
DA:295,5
DA:296,10
DA:297,6
DA:298,9
DA:299,5
DA:300,7
DA:369,3
DA:370,3
DA:371,3
DA:372,15
DA:373,6
DA:374,4
DA:387,8
DA:405,1
DA:406,11
DA:424,8
DA:440,12
DA:456,1
DA:457,5
DA:472,8
DA:486,8
DA:502,1
DA:503,9
DA:520,0
DA:538,2
DA:539,6
DA:542,6
DA:543,10
DA:546,5
DA:548,35
DA:565,24
DA:583,24
DA:601,32
DA:617,6
DA:639,8
DA:661,8
DA:677,6
DA:693,6
DA:710,8
DA:727,8
DA:745,8
DA:761,6
DA:777,6
DA:793,6
DA:795,2
DA:796,6
DA:812,4
DA:830,4
DA:848,3
DA:850,2
DA:851,6
DA:863,1
DA:864,1
LF:83
LH:82
end_of_record
SF:/Users/matan/Developer/lodim/lib/src/octant.dart
DA:64,3
DA:65,3
DA:69,6
DA:70,2
DA:71,2
DA:75,6
DA:76,1
DA:77,1
DA:81,9
DA:82,1
DA:85,3
DA:95,3
DA:96,6
DA:98,6
DA:99,3
DA:100,4
DA:101,4
DA:102,8
DA:103,4
DA:104,3
DA:105,3
DA:116,3
DA:117,6
DA:119,6
DA:120,3
DA:121,4
DA:122,4
DA:123,8
DA:124,4
DA:125,3
DA:126,3
LF:31
LH:31
end_of_record
SF:/Users/matan/Developer/lodim/lib/src/direction.dart
DA:16,1
DA:17,3
DA:24,1
DA:25,3
DA:116,1
DA:117,1
DA:119,1
DA:120,1
DA:122,1
DA:123,1
DA:133,2
DA:136,5
DA:139,2
DA:141,1
DA:143,1
DA:144,1
DA:145,1
DA:146,1
DA:147,1
DA:148,1
DA:149,1
DA:154,1
DA:156,1
DA:157,1
DA:158,1
DA:159,1
DA:160,1
DA:161,1
DA:162,1
LF:29
LH:29
end_of_record
SF:/Users/matan/Developer/lodim/lib/src/distance.dart
DA:29,2
DA:31,2
DA:32,14
DA:48,1
DA:50,2
DA:69,2
DA:71,4
DA:72,6
DA:91,1
DA:93,2
DA:94,3
DA:111,1
DA:113,2
DA:114,7
LF:14
LH:14
end_of_record
SF:/Users/matan/Developer/lodim/lib/src/math.dart
DA:18,2
DA:22,4
DA:23,2
DA:25,2
DA:26,2
DA:29,2
LF:6
LH:6
end_of_record
SF:/Users/matan/Developer/lodim/lib/src/impl/bresenham.dart
DA:24,2
DA:25,2
DA:26,2
DA:27,2
DA:29,2
DA:30,6
DA:31,5
DA:32,2
DA:36,2
DA:50,2
DA:52,12
DA:57,2
DA:72,2
DA:73,2
DA:76,2
DA:78,6
DA:79,4
DA:83,8
DA:84,4
DA:85,2
DA:86,8
DA:89,2
DA:90,8
DA:91,4
LF:24
LH:24
end_of_record
SF:/Users/matan/Developer/lodim/lib/src/impl/vector_line.dart
DA:22,1
DA:23,2
DA:25,1
DA:27,1
DA:31,1
DA:37,1
DA:39,6
DA:44,1
DA:50,1
DA:51,1
DA:53,1
DA:55,3
DA:58,3
LF:13
LH:13
end_of_record
